Performing C SOURCE FILE Test CMAKE_HAVE_LIBC_PTHREAD failed with the following output:
Change Dir: /home/shyu/Desktop/final_project_all/src/CMakeFiles/CMakeTmp

Run Build Command(s):/usr/bin/make cmTC_1109d/fast && /usr/bin/make -f CMakeFiles/cmTC_1109d.dir/build.make CMakeFiles/cmTC_1109d.dir/build
make[1]: Entering directory '/home/shyu/Desktop/final_project_all/src/CMakeFiles/CMakeTmp'
Building C object CMakeFiles/cmTC_1109d.dir/src.c.o
/usr/bin/cc   -DCMAKE_HAVE_LIBC_PTHREAD   -o CMakeFiles/cmTC_1109d.dir/src.c.o   -c /home/shyu/Desktop/final_project_all/src/CMakeFiles/CMakeTmp/src.c
Linking C executable cmTC_1109d
/usr/bin/cmake -E cmake_link_script CMakeFiles/cmTC_1109d.dir/link.txt --verbose=1
/usr/bin/cc  -DCMAKE_HAVE_LIBC_PTHREAD    CMakeFiles/cmTC_1109d.dir/src.c.o  -o cmTC_1109d 
/usr/bin/ld: CMakeFiles/cmTC_1109d.dir/src.c.o: in function `main':
src.c:(.text+0x46): undefined reference to `pthread_create'
/usr/bin/ld: src.c:(.text+0x52): undefined reference to `pthread_detach'
/usr/bin/ld: src.c:(.text+0x63): undefined reference to `pthread_join'
collect2: error: ld returned 1 exit status
make[1]: *** [CMakeFiles/cmTC_1109d.dir/build.make:87: cmTC_1109d] Error 1
make[1]: Leaving directory '/home/shyu/Desktop/final_project_all/src/CMakeFiles/CMakeTmp'
make: *** [Makefile:121: cmTC_1109d/fast] Error 2


Source file was:
#include <pthread.h>

void* test_func(void* data)
{
  return data;
}

int main(void)
{
  pthread_t thread;
  pthread_create(&thread, NULL, test_func, NULL);
  pthread_detach(thread);
  pthread_join(thread, NULL);
  pthread_atfork(NULL, NULL, NULL);
  pthread_exit(NULL);

  return 0;
}

Determining if the function pthread_create exists in the pthreads failed with the following output:
Change Dir: /home/shyu/Desktop/final_project_all/src/CMakeFiles/CMakeTmp

Run Build Command(s):/usr/bin/make cmTC_587e6/fast && /usr/bin/make -f CMakeFiles/cmTC_587e6.dir/build.make CMakeFiles/cmTC_587e6.dir/build
make[1]: Entering directory '/home/shyu/Desktop/final_project_all/src/CMakeFiles/CMakeTmp'
Building C object CMakeFiles/cmTC_587e6.dir/CheckFunctionExists.c.o
/usr/bin/cc   -DCHECK_FUNCTION_EXISTS=pthread_create   -o CMakeFiles/cmTC_587e6.dir/CheckFunctionExists.c.o   -c /usr/share/cmake-3.16/Modules/CheckFunctionExists.c
Linking C executable cmTC_587e6
/usr/bin/cmake -E cmake_link_script CMakeFiles/cmTC_587e6.dir/link.txt --verbose=1
/usr/bin/cc  -DCHECK_FUNCTION_EXISTS=pthread_create    CMakeFiles/cmTC_587e6.dir/CheckFunctionExists.c.o  -o cmTC_587e6  -lpthreads 
/usr/bin/ld: cannot find -lpthreads
collect2: error: ld returned 1 exit status
make[1]: *** [CMakeFiles/cmTC_587e6.dir/build.make:87: cmTC_587e6] Error 1
make[1]: Leaving directory '/home/shyu/Desktop/final_project_all/src/CMakeFiles/CMakeTmp'
make: *** [Makefile:121: cmTC_587e6/fast] Error 2



Performing C SOURCE FILE Test CMAKE_HAVE_LIBC_PTHREAD failed with the following output:
Change Dir: /home/amos/Desktop/123/1/src/CMakeFiles/CMakeTmp

Run Build Command(s):/usr/bin/make cmTC_4b51b/fast && /usr/bin/make -f CMakeFiles/cmTC_4b51b.dir/build.make CMakeFiles/cmTC_4b51b.dir/build
make[1]: Entering directory '/home/amos/Desktop/123/1/src/CMakeFiles/CMakeTmp'
Building C object CMakeFiles/cmTC_4b51b.dir/src.c.o
/usr/bin/cc   -DCMAKE_HAVE_LIBC_PTHREAD   -o CMakeFiles/cmTC_4b51b.dir/src.c.o   -c /home/amos/Desktop/123/1/src/CMakeFiles/CMakeTmp/src.c
Linking C executable cmTC_4b51b
/usr/bin/cmake -E cmake_link_script CMakeFiles/cmTC_4b51b.dir/link.txt --verbose=1
/usr/bin/cc  -DCMAKE_HAVE_LIBC_PTHREAD    CMakeFiles/cmTC_4b51b.dir/src.c.o  -o cmTC_4b51b 
/usr/bin/ld: CMakeFiles/cmTC_4b51b.dir/src.c.o: in function `main':
src.c:(.text+0x46): undefined reference to `pthread_create'
/usr/bin/ld: src.c:(.text+0x52): undefined reference to `pthread_detach'
/usr/bin/ld: src.c:(.text+0x63): undefined reference to `pthread_join'
collect2: error: ld returned 1 exit status
make[1]: *** [CMakeFiles/cmTC_4b51b.dir/build.make:87: cmTC_4b51b] Error 1
make[1]: Leaving directory '/home/amos/Desktop/123/1/src/CMakeFiles/CMakeTmp'
make: *** [Makefile:121: cmTC_4b51b/fast] Error 2


Source file was:
#include <pthread.h>

void* test_func(void* data)
{
  return data;
}

int main(void)
{
  pthread_t thread;
  pthread_create(&thread, NULL, test_func, NULL);
  pthread_detach(thread);
  pthread_join(thread, NULL);
  pthread_atfork(NULL, NULL, NULL);
  pthread_exit(NULL);

  return 0;
}

Determining if the function pthread_create exists in the pthreads failed with the following output:
Change Dir: /home/amos/Desktop/123/1/src/CMakeFiles/CMakeTmp

Run Build Command(s):/usr/bin/make cmTC_81333/fast && /usr/bin/make -f CMakeFiles/cmTC_81333.dir/build.make CMakeFiles/cmTC_81333.dir/build
make[1]: Entering directory '/home/amos/Desktop/123/1/src/CMakeFiles/CMakeTmp'
Building C object CMakeFiles/cmTC_81333.dir/CheckFunctionExists.c.o
/usr/bin/cc   -DCHECK_FUNCTION_EXISTS=pthread_create   -o CMakeFiles/cmTC_81333.dir/CheckFunctionExists.c.o   -c /usr/share/cmake-3.16/Modules/CheckFunctionExists.c
Linking C executable cmTC_81333
/usr/bin/cmake -E cmake_link_script CMakeFiles/cmTC_81333.dir/link.txt --verbose=1
/usr/bin/cc  -DCHECK_FUNCTION_EXISTS=pthread_create    CMakeFiles/cmTC_81333.dir/CheckFunctionExists.c.o  -o cmTC_81333  -lpthreads 
/usr/bin/ld: cannot find -lpthreads
collect2: error: ld returned 1 exit status
make[1]: *** [CMakeFiles/cmTC_81333.dir/build.make:87: cmTC_81333] Error 1
make[1]: Leaving directory '/home/amos/Desktop/123/1/src/CMakeFiles/CMakeTmp'
make: *** [Makefile:121: cmTC_81333/fast] Error 2



Performing C SOURCE FILE Test CMAKE_HAVE_LIBC_PTHREAD failed with the following output:
Change Dir: /home/shyu/Desktop/final_project_all/src/CMakeFiles/CMakeTmp

Run Build Command(s):/usr/bin/make cmTC_773ba/fast && /usr/bin/make -f CMakeFiles/cmTC_773ba.dir/build.make CMakeFiles/cmTC_773ba.dir/build
make[1]: Entering directory '/home/shyu/Desktop/final_project_all/src/CMakeFiles/CMakeTmp'
Building C object CMakeFiles/cmTC_773ba.dir/src.c.o
/usr/bin/cc   -DCMAKE_HAVE_LIBC_PTHREAD   -o CMakeFiles/cmTC_773ba.dir/src.c.o   -c /home/shyu/Desktop/final_project_all/src/CMakeFiles/CMakeTmp/src.c
Linking C executable cmTC_773ba
/usr/bin/cmake -E cmake_link_script CMakeFiles/cmTC_773ba.dir/link.txt --verbose=1
/usr/bin/cc  -DCMAKE_HAVE_LIBC_PTHREAD    CMakeFiles/cmTC_773ba.dir/src.c.o  -o cmTC_773ba 
/usr/bin/ld: CMakeFiles/cmTC_773ba.dir/src.c.o: in function `main':
src.c:(.text+0x46): undefined reference to `pthread_create'
/usr/bin/ld: src.c:(.text+0x52): undefined reference to `pthread_detach'
/usr/bin/ld: src.c:(.text+0x63): undefined reference to `pthread_join'
collect2: error: ld returned 1 exit status
make[1]: *** [CMakeFiles/cmTC_773ba.dir/build.make:87: cmTC_773ba] Error 1
make[1]: Leaving directory '/home/shyu/Desktop/final_project_all/src/CMakeFiles/CMakeTmp'
make: *** [Makefile:121: cmTC_773ba/fast] Error 2


Source file was:
#include <pthread.h>

void* test_func(void* data)
{
  return data;
}

int main(void)
{
  pthread_t thread;
  pthread_create(&thread, NULL, test_func, NULL);
  pthread_detach(thread);
  pthread_join(thread, NULL);
  pthread_atfork(NULL, NULL, NULL);
  pthread_exit(NULL);

  return 0;
}

Determining if the function pthread_create exists in the pthreads failed with the following output:
Change Dir: /home/shyu/Desktop/final_project_all/src/CMakeFiles/CMakeTmp

Run Build Command(s):/usr/bin/make cmTC_17199/fast && /usr/bin/make -f CMakeFiles/cmTC_17199.dir/build.make CMakeFiles/cmTC_17199.dir/build
make[1]: Entering directory '/home/shyu/Desktop/final_project_all/src/CMakeFiles/CMakeTmp'
Building C object CMakeFiles/cmTC_17199.dir/CheckFunctionExists.c.o
/usr/bin/cc   -DCHECK_FUNCTION_EXISTS=pthread_create   -o CMakeFiles/cmTC_17199.dir/CheckFunctionExists.c.o   -c /usr/share/cmake-3.16/Modules/CheckFunctionExists.c
Linking C executable cmTC_17199
/usr/bin/cmake -E cmake_link_script CMakeFiles/cmTC_17199.dir/link.txt --verbose=1
/usr/bin/cc  -DCHECK_FUNCTION_EXISTS=pthread_create    CMakeFiles/cmTC_17199.dir/CheckFunctionExists.c.o  -o cmTC_17199  -lpthreads 
/usr/bin/ld: cannot find -lpthreads
collect2: error: ld returned 1 exit status
make[1]: *** [CMakeFiles/cmTC_17199.dir/build.make:87: cmTC_17199] Error 1
make[1]: Leaving directory '/home/shyu/Desktop/final_project_all/src/CMakeFiles/CMakeTmp'
make: *** [Makefile:121: cmTC_17199/fast] Error 2



Performing C SOURCE FILE Test CMAKE_HAVE_LIBC_PTHREAD failed with the following output:
Change Dir: /home/amos/Desktop/123/1/src/CMakeFiles/CMakeTmp

Run Build Command(s):/usr/bin/make cmTC_75384/fast && /usr/bin/make -f CMakeFiles/cmTC_75384.dir/build.make CMakeFiles/cmTC_75384.dir/build
make[1]: Entering directory '/home/amos/Desktop/123/1/src/CMakeFiles/CMakeTmp'
Building C object CMakeFiles/cmTC_75384.dir/src.c.o
/usr/bin/cc   -DCMAKE_HAVE_LIBC_PTHREAD   -o CMakeFiles/cmTC_75384.dir/src.c.o   -c /home/amos/Desktop/123/1/src/CMakeFiles/CMakeTmp/src.c
Linking C executable cmTC_75384
/usr/bin/cmake -E cmake_link_script CMakeFiles/cmTC_75384.dir/link.txt --verbose=1
/usr/bin/cc  -DCMAKE_HAVE_LIBC_PTHREAD    CMakeFiles/cmTC_75384.dir/src.c.o  -o cmTC_75384 
/usr/bin/ld: CMakeFiles/cmTC_75384.dir/src.c.o: in function `main':
src.c:(.text+0x46): undefined reference to `pthread_create'
/usr/bin/ld: src.c:(.text+0x52): undefined reference to `pthread_detach'
/usr/bin/ld: src.c:(.text+0x63): undefined reference to `pthread_join'
collect2: error: ld returned 1 exit status
make[1]: *** [CMakeFiles/cmTC_75384.dir/build.make:87: cmTC_75384] Error 1
make[1]: Leaving directory '/home/amos/Desktop/123/1/src/CMakeFiles/CMakeTmp'
make: *** [Makefile:121: cmTC_75384/fast] Error 2


Source file was:
#include <pthread.h>

void* test_func(void* data)
{
  return data;
}

int main(void)
{
  pthread_t thread;
  pthread_create(&thread, NULL, test_func, NULL);
  pthread_detach(thread);
  pthread_join(thread, NULL);
  pthread_atfork(NULL, NULL, NULL);
  pthread_exit(NULL);

  return 0;
}

Determining if the function pthread_create exists in the pthreads failed with the following output:
Change Dir: /home/amos/Desktop/123/1/src/CMakeFiles/CMakeTmp

Run Build Command(s):/usr/bin/make cmTC_6e750/fast && /usr/bin/make -f CMakeFiles/cmTC_6e750.dir/build.make CMakeFiles/cmTC_6e750.dir/build
make[1]: Entering directory '/home/amos/Desktop/123/1/src/CMakeFiles/CMakeTmp'
Building C object CMakeFiles/cmTC_6e750.dir/CheckFunctionExists.c.o
/usr/bin/cc   -DCHECK_FUNCTION_EXISTS=pthread_create   -o CMakeFiles/cmTC_6e750.dir/CheckFunctionExists.c.o   -c /usr/share/cmake-3.16/Modules/CheckFunctionExists.c
Linking C executable cmTC_6e750
/usr/bin/cmake -E cmake_link_script CMakeFiles/cmTC_6e750.dir/link.txt --verbose=1
/usr/bin/cc  -DCHECK_FUNCTION_EXISTS=pthread_create    CMakeFiles/cmTC_6e750.dir/CheckFunctionExists.c.o  -o cmTC_6e750  -lpthreads 
/usr/bin/ld: cannot find -lpthreads
collect2: error: ld returned 1 exit status
make[1]: *** [CMakeFiles/cmTC_6e750.dir/build.make:87: cmTC_6e750] Error 1
make[1]: Leaving directory '/home/amos/Desktop/123/1/src/CMakeFiles/CMakeTmp'
make: *** [Makefile:121: cmTC_6e750/fast] Error 2



Performing C SOURCE FILE Test CMAKE_HAVE_LIBC_PTHREAD failed with the following output:
Change Dir: /home/shyu/Desktop/final_project_all/src/CMakeFiles/CMakeTmp

Run Build Command(s):/usr/bin/make cmTC_5cdd7/fast && /usr/bin/make -f CMakeFiles/cmTC_5cdd7.dir/build.make CMakeFiles/cmTC_5cdd7.dir/build
make[1]: Entering directory '/home/shyu/Desktop/final_project_all/src/CMakeFiles/CMakeTmp'
Building C object CMakeFiles/cmTC_5cdd7.dir/src.c.o
/usr/bin/cc   -DCMAKE_HAVE_LIBC_PTHREAD   -o CMakeFiles/cmTC_5cdd7.dir/src.c.o   -c /home/shyu/Desktop/final_project_all/src/CMakeFiles/CMakeTmp/src.c
Linking C executable cmTC_5cdd7
/usr/bin/cmake -E cmake_link_script CMakeFiles/cmTC_5cdd7.dir/link.txt --verbose=1
/usr/bin/cc  -DCMAKE_HAVE_LIBC_PTHREAD    CMakeFiles/cmTC_5cdd7.dir/src.c.o  -o cmTC_5cdd7 
/usr/bin/ld: CMakeFiles/cmTC_5cdd7.dir/src.c.o: in function `main':
src.c:(.text+0x46): undefined reference to `pthread_create'
/usr/bin/ld: src.c:(.text+0x52): undefined reference to `pthread_detach'
/usr/bin/ld: src.c:(.text+0x63): undefined reference to `pthread_join'
collect2: error: ld returned 1 exit status
make[1]: *** [CMakeFiles/cmTC_5cdd7.dir/build.make:87: cmTC_5cdd7] Error 1
make[1]: Leaving directory '/home/shyu/Desktop/final_project_all/src/CMakeFiles/CMakeTmp'
make: *** [Makefile:121: cmTC_5cdd7/fast] Error 2


Source file was:
#include <pthread.h>

void* test_func(void* data)
{
  return data;
}

int main(void)
{
  pthread_t thread;
  pthread_create(&thread, NULL, test_func, NULL);
  pthread_detach(thread);
  pthread_join(thread, NULL);
  pthread_atfork(NULL, NULL, NULL);
  pthread_exit(NULL);

  return 0;
}

Determining if the function pthread_create exists in the pthreads failed with the following output:
Change Dir: /home/shyu/Desktop/final_project_all/src/CMakeFiles/CMakeTmp

Run Build Command(s):/usr/bin/make cmTC_71996/fast && /usr/bin/make -f CMakeFiles/cmTC_71996.dir/build.make CMakeFiles/cmTC_71996.dir/build
make[1]: Entering directory '/home/shyu/Desktop/final_project_all/src/CMakeFiles/CMakeTmp'
Building C object CMakeFiles/cmTC_71996.dir/CheckFunctionExists.c.o
/usr/bin/cc   -DCHECK_FUNCTION_EXISTS=pthread_create   -o CMakeFiles/cmTC_71996.dir/CheckFunctionExists.c.o   -c /usr/share/cmake-3.16/Modules/CheckFunctionExists.c
Linking C executable cmTC_71996
/usr/bin/cmake -E cmake_link_script CMakeFiles/cmTC_71996.dir/link.txt --verbose=1
/usr/bin/cc  -DCHECK_FUNCTION_EXISTS=pthread_create    CMakeFiles/cmTC_71996.dir/CheckFunctionExists.c.o  -o cmTC_71996  -lpthreads 
/usr/bin/ld: cannot find -lpthreads
collect2: error: ld returned 1 exit status
make[1]: *** [CMakeFiles/cmTC_71996.dir/build.make:87: cmTC_71996] Error 1
make[1]: Leaving directory '/home/shyu/Desktop/final_project_all/src/CMakeFiles/CMakeTmp'
make: *** [Makefile:121: cmTC_71996/fast] Error 2



